0 info it worked if it ends with ok
1 verbose cli [ '/Users/nguyenpatrick/.nvm/versions/node/v4.6.1/bin/node',
1 verbose cli   '/Users/nguyenpatrick/.nvm/versions/node/v4.6.1/bin/npm',
1 verbose cli   'start' ]
2 info using npm@2.15.9
3 info using node@v4.6.1
4 verbose run-script [ 'prestart', 'start', 'poststart' ]
5 info prestart my-shopping-cart@0.1.0
6 info start my-shopping-cart@0.1.0
7 verbose unsafe-perm in lifecycle true
8 info my-shopping-cart@0.1.0 Failed to exec start script
9 verbose stack Error: my-shopping-cart@0.1.0 start: `react-scripts start`
9 verbose stack Exit status 1
9 verbose stack     at EventEmitter.<anonymous> (/Users/nguyenpatrick/.nvm/versions/node/v4.6.1/lib/node_modules/npm/lib/utils/lifecycle.js:217:16)
9 verbose stack     at emitTwo (events.js:87:13)
9 verbose stack     at EventEmitter.emit (events.js:172:7)
9 verbose stack     at ChildProcess.<anonymous> (/Users/nguyenpatrick/.nvm/versions/node/v4.6.1/lib/node_modules/npm/lib/utils/spawn.js:24:14)
9 verbose stack     at emitTwo (events.js:87:13)
9 verbose stack     at ChildProcess.emit (events.js:172:7)
9 verbose stack     at maybeClose (internal/child_process.js:829:16)
9 verbose stack     at Process.ChildProcess._handle.onexit (internal/child_process.js:211:5)
10 verbose pkgid my-shopping-cart@0.1.0
11 verbose cwd /Users/nguyenpatrick/Documents/Summer 2020/SEG 3125/Module3/AlternativeGroceryStore/GroceryStore
12 error Darwin 19.4.0
13 error argv "/Users/nguyenpatrick/.nvm/versions/node/v4.6.1/bin/node" "/Users/nguyenpatrick/.nvm/versions/node/v4.6.1/bin/npm" "start"
14 error node v4.6.1
15 error npm  v2.15.9
16 error code ELIFECYCLE
17 error my-shopping-cart@0.1.0 start: `react-scripts start`
17 error Exit status 1
18 error Failed at the my-shopping-cart@0.1.0 start script 'react-scripts start'.
18 error This is most likely a problem with the my-shopping-cart package,
18 error not with npm itself.
18 error Tell the author that this fails on your system:
18 error     react-scripts start
18 error You can get information on how to open an issue for this project with:
18 error     npm bugs my-shopping-cart
18 error Or if that isn't available, you can get their info via:
18 error
18 error     npm owner ls my-shopping-cart
18 error There is likely additional logging output above.
19 verbose exit [ 1, true ]
